  Blob.cpp
  main.cpp
  Compiling...
  Generating Code...
  CarCount.vcxproj -> C:\Users\chenliru\GitHub\cppimg\x64\Debug\CarCount.exe
C:\OpenCV\build\install\include\opencv2\core\mat.inl.hpp(550): warning C26451: Arithmetic overflow: Using operator '*' on a 4 byte value and then casting the result to a 8 byte value. Cast the value to the wider type before calling operator '*' to avoid overflow (io.2).
C:\OpenCV\build\install\include\opencv2\core\mat.inl.hpp(579): warning C26451: Arithmetic overflow: Using operator '*' on a 4 byte value and then casting the result to a 8 byte value. Cast the value to the wider type before calling operator '*' to avoid overflow (io.2).
C:\OpenCV\build\install\include\opencv2\core\mat.inl.hpp(1380): warning C26439: This kind of function may not throw. Declare it 'noexcept' (f.6).
C:\OpenCV\build\install\include\opencv2\core\mat.inl.hpp(1405): warning C26439: This kind of function may not throw. Declare it 'noexcept' (f.6).
C:\OpenCV\build\install\include\opencv2\core\mat.inl.hpp(1513): warning C26495: Variable 'cv::MatStep::buf' is uninitialized. Always initialize a member variable (type.6).
C:\OpenCV\build\install\include\opencv2\core\mat.inl.hpp(1519): warning C26495: Variable 'cv::MatStep::buf' is uninitialized. Always initialize a member variable (type.6).
C:\OpenCV\build\install\include\opencv2\core\mat.inl.hpp(2185): warning C26451: Arithmetic overflow: Using operator '*' on a 4 byte value and then casting the result to a 8 byte value. Cast the value to the wider type before calling operator '*' to avoid overflow (io.2).
C:\OpenCV\build\install\include\opencv2\core\mat.inl.hpp(3875): warning C26439: This kind of function may not throw. Declare it 'noexcept' (f.6).
C:\OpenCV\build\install\include\opencv2\core\mat.inl.hpp(3899): warning C26439: This kind of function may not throw. Declare it 'noexcept' (f.6).
C:\OpenCV\build\install\include\opencv2\core\utility.hpp(564): warning C26451: Arithmetic overflow: Using operator '*' on a 4 byte value and then casting the result to a 8 byte value. Cast the value to the wider type before calling operator '*' to avoid overflow (io.2).
C:\OpenCV\build\install\include\opencv2\imgproc.hpp(4729): warning C26451: Arithmetic overflow: Using operator '+' on a 4 byte value and then casting the result to a 8 byte value. Cast the value to the wider type before calling operator '+' to avoid overflow (io.2).
C:\OpenCV\build\install\include\opencv2\imgproc.hpp(4746): warning C26451: Arithmetic overflow: Using operator '*' on a 4 byte value and then casting the result to a 8 byte value. Cast the value to the wider type before calling operator '*' to avoid overflow (io.2).
C:\Users\chenliru\GitHub\cppimg\CarCount\Blob.cpp(81): warning C26451: Arithmetic overflow: Using operator '-' on a 4 byte value and then casting the result to a 8 byte value. Cast the value to the wider type before calling operator '-' to avoid overflow (io.2).
C:\Users\chenliru\GitHub\cppimg\CarCount\Blob.cpp(81): warning C26451: Arithmetic overflow: Using operator '-' on a 4 byte value and then casting the result to a 8 byte value. Cast the value to the wider type before calling operator '-' to avoid overflow (io.2).
C:\Users\chenliru\GitHub\cppimg\CarCount\Blob.cpp(82): warning C26451: Arithmetic overflow: Using operator '-' on a 4 byte value and then casting the result to a 8 byte value. Cast the value to the wider type before calling operator '-' to avoid overflow (io.2).
C:\Users\chenliru\GitHub\cppimg\CarCount\Blob.cpp(82): warning C26451: Arithmetic overflow: Using operator '-' on a 4 byte value and then casting the result to a 8 byte value. Cast the value to the wider type before calling operator '-' to avoid overflow (io.2).
C:\Users\chenliru\GitHub\cppimg\CarCount\Blob.cpp(83): warning C26451: Arithmetic overflow: Using operator '-' on a 4 byte value and then casting the result to a 8 byte value. Cast the value to the wider type before calling operator '-' to avoid overflow (io.2).
C:\Users\chenliru\GitHub\cppimg\CarCount\Blob.cpp(83): warning C26451: Arithmetic overflow: Using operator '-' on a 4 byte value and then casting the result to a 8 byte value. Cast the value to the wider type before calling operator '-' to avoid overflow (io.2).
C:\Users\chenliru\GitHub\cppimg\CarCount\Blob.cpp(84): warning C26451: Arithmetic overflow: Using operator '-' on a 4 byte value and then casting the result to a 8 byte value. Cast the value to the wider type before calling operator '-' to avoid overflow (io.2).
C:\Users\chenliru\GitHub\cppimg\CarCount\Blob.cpp(84): warning C26451: Arithmetic overflow: Using operator '-' on a 4 byte value and then casting the result to a 8 byte value. Cast the value to the wider type before calling operator '-' to avoid overflow (io.2).
C:\Users\chenliru\GitHub\cppimg\CarCount\Blob.cpp(88): warning C26451: Arithmetic overflow: Using operator '-' on a 4 byte value and then casting the result to a 8 byte value. Cast the value to the wider type before calling operator '-' to avoid overflow (io.2).
C:\Users\chenliru\GitHub\cppimg\CarCount\Blob.cpp(88): warning C26451: Arithmetic overflow: Using operator '-' on a 4 byte value and then casting the result to a 8 byte value. Cast the value to the wider type before calling operator '-' to avoid overflow (io.2).
C:\Users\chenliru\GitHub\cppimg\CarCount\Blob.cpp(89): warning C26451: Arithmetic overflow: Using operator '-' on a 4 byte value and then casting the result to a 8 byte value. Cast the value to the wider type before calling operator '-' to avoid overflow (io.2).
C:\Users\chenliru\GitHub\cppimg\CarCount\Blob.cpp(89): warning C26451: Arithmetic overflow: Using operator '-' on a 4 byte value and then casting the result to a 8 byte value. Cast the value to the wider type before calling operator '-' to avoid overflow (io.2).
C:\Users\chenliru\GitHub\cppimg\CarCount\Blob.cpp(90): warning C26451: Arithmetic overflow: Using operator '-' on a 4 byte value and then casting the result to a 8 byte value. Cast the value to the wider type before calling operator '-' to avoid overflow (io.2).
C:\Users\chenliru\GitHub\cppimg\CarCount\Blob.cpp(90): warning C26451: Arithmetic overflow: Using operator '-' on a 4 byte value and then casting the result to a 8 byte value. Cast the value to the wider type before calling operator '-' to avoid overflow (io.2).
C:\Users\chenliru\GitHub\cppimg\CarCount\Blob.cpp(91): warning C26451: Arithmetic overflow: Using operator '-' on a 4 byte value and then casting the result to a 8 byte value. Cast the value to the wider type before calling operator '-' to avoid overflow (io.2).
C:\Users\chenliru\GitHub\cppimg\CarCount\Blob.cpp(91): warning C26451: Arithmetic overflow: Using operator '-' on a 4 byte value and then casting the result to a 8 byte value. Cast the value to the wider type before calling operator '-' to avoid overflow (io.2).
C:\OpenCV\build\install\include\opencv2\core\matx.hpp(850): warning C26495: Variable 'cv::Matx<double,4,1>::val' is uninitialized. Always initialize a member variable (type.6).
C:\OpenCV\build\install\include\opencv2\core\matx.hpp(561): warning C6294: Ill-defined for-loop:  initial condition does not satisfy test.  Loop body not executed.
C:\OpenCV\build\install\include\opencv2\core\matx.hpp(561): warning C6201: Index '3' is out of valid index range '0' to '2' for possibly stack allocated buffer 'this->val'.
C:\OpenCV\build\install\include\opencv2\core\matx.hpp(553): warning C6294: Ill-defined for-loop:  initial condition does not satisfy test.  Loop body not executed.
C:\OpenCV\build\install\include\opencv2\core\matx.hpp(553): warning C6201: Index '2' is out of valid index range '0' to '1' for possibly stack allocated buffer 'this->val'.
C:\OpenCV\build\install\include\opencv2\core\matx.hpp(569): warning C6294: Ill-defined for-loop:  initial condition does not satisfy test.  Loop body not executed.
C:\OpenCV\build\install\include\opencv2\core\matx.hpp(569): warning C6201: Index '4' is out of valid index range '0' to '3' for possibly stack allocated buffer 'this->val'.
C:\OpenCV\build\install\include\opencv2\core\matx.hpp(662): warning C26495: Variable 'cv::Matx<double,4,1>::val' is uninitialized. Always initialize a member variable (type.6).
C:\OpenCV\build\install\include\opencv2\core\matx.hpp(536): warning C26495: Variable 'cv::Matx<double,4,1>::val' is uninitialized. Always initialize a member variable (type.6).
C:\Users\chenliru\GitHub\cppimg\CarCount\main.cpp(351): warning C26451: Arithmetic overflow: Using operator '*' on a 4 byte value and then casting the result to a 8 byte value. Cast the value to the wider type before calling operator '*' to avoid overflow (io.2).
