  doorimg.cpp
c:\users\chenliru\onedrive\c_plus_plus\doorsensor\doorsensor\doorimg.hpp(101): warning C4091: “__declspec(dllimport)”: 没有声明变量时忽略“Monitor”的左侧
c:\users\chenliru\onedrive\c_plus_plus\imgutils\imgutils\imgutils.hpp(8): warning C4005: “DLL_API”: 宏重定义
  c:\users\chenliru\onedrive\c_plus_plus\doorsensor\doorsensor\doorimg.hpp(23): note: 参见“DLL_API”的前一个定义
c:\users\chenliru\onedrive\c_plus_plus\doorsensor\doorsensor\doorimg.cpp(11): warning C4273: “Monitor::setMonitor”: dll 链接不一致
  c:\users\chenliru\onedrive\c_plus_plus\doorsensor\doorsensor\doorimg.hpp(97): note: 参见“setMonitor”的前一个定义
c:\users\chenliru\onedrive\c_plus_plus\doorsensor\doorsensor\doorimg.cpp(36): warning C4244: “=”: 从“_Ty”转换到“int”，可能丢失数据
          with
          [
              _Ty=float
          ]
c:\users\chenliru\onedrive\c_plus_plus\doorsensor\doorsensor\doorimg.cpp(40): warning C4244: “=”: 从“_Ty”转换到“int”，可能丢失数据
          with
          [
              _Ty=float
          ]
c:\users\chenliru\onedrive\c_plus_plus\doorsensor\doorsensor\doorimg.cpp(44): warning C4244: “=”: 从“_Ty”转换到“int”，可能丢失数据
          with
          [
              _Ty=float
          ]
c:\users\chenliru\onedrive\c_plus_plus\doorsensor\doorsensor\doorimg.cpp(48): warning C4244: “=”: 从“_Ty”转换到“int”，可能丢失数据
          with
          [
              _Ty=float
          ]
c:\users\chenliru\onedrive\c_plus_plus\doorsensor\doorsensor\doorimg.cpp(52): warning C4244: “=”: 从“_Ty”转换到“int”，可能丢失数据
          with
          [
              _Ty=float
          ]
c:\users\chenliru\onedrive\c_plus_plus\doorsensor\doorsensor\doorimg.cpp(56): warning C4244: “=”: 从“_Ty”转换到“int”，可能丢失数据
          with
          [
              _Ty=float
          ]
c:\users\chenliru\onedrive\c_plus_plus\doorsensor\doorsensor\doorimg.cpp(60): warning C4244: “=”: 从“_Ty”转换到“int”，可能丢失数据
          with
          [
              _Ty=float
          ]
c:\users\chenliru\onedrive\c_plus_plus\doorsensor\doorsensor\doorimg.cpp(64): warning C4244: “=”: 从“_Ty”转换到“int”，可能丢失数据
          with
          [
              _Ty=float
          ]
c:\users\chenliru\onedrive\c_plus_plus\doorsensor\doorsensor\doorimg.cpp(68): warning C4244: “=”: 从“_Ty”转换到“int”，可能丢失数据
          with
          [
              _Ty=float
          ]
c:\users\chenliru\onedrive\c_plus_plus\doorsensor\doorsensor\doorimg.cpp(72): warning C4244: “=”: 从“_Ty”转换到“int”，可能丢失数据
          with
          [
              _Ty=float
          ]
c:\users\chenliru\onedrive\c_plus_plus\doorsensor\doorsensor\doorimg.cpp(76): warning C4244: “=”: 从“_Ty”转换到“int”，可能丢失数据
          with
          [
              _Ty=float
          ]
c:\users\chenliru\onedrive\c_plus_plus\doorsensor\doorsensor\doorimg.cpp(80): warning C4244: “=”: 从“_Ty”转换到“int”，可能丢失数据
          with
          [
              _Ty=float
          ]
c:\users\chenliru\onedrive\c_plus_plus\doorsensor\doorsensor\doorimg.cpp(84): warning C4244: “=”: 从“_Ty”转换到“unsigned int”，可能丢失数据
          with
          [
              _Ty=float
          ]
c:\users\chenliru\onedrive\c_plus_plus\doorsensor\doorsensor\doorimg.cpp(92): warning C4244: “=”: 从“_Ty”转换到“int”，可能丢失数据
          with
          [
              _Ty=float
          ]
c:\users\chenliru\onedrive\c_plus_plus\doorsensor\doorsensor\doorimg.cpp(96): warning C4244: “=”: 从“_Ty”转换到“int”，可能丢失数据
          with
          [
              _Ty=float
          ]
c:\users\chenliru\onedrive\c_plus_plus\doorsensor\doorsensor\doorimg.cpp(104): warning C4273: “Monitor::setThreadhold”: dll 链接不一致
  c:\users\chenliru\onedrive\c_plus_plus\doorsensor\doorsensor\doorimg.hpp(98): note: 参见“setThreadhold”的前一个定义
c:\users\chenliru\onedrive\c_plus_plus\doorsensor\doorsensor\doorimg.cpp(129): warning C4244: “=”: 从“_Ty”转换到“int”，可能丢失数据
          with
          [
              _Ty=float
          ]
c:\users\chenliru\onedrive\c_plus_plus\doorsensor\doorsensor\doorimg.cpp(133): warning C4244: “=”: 从“_Ty”转换到“int”，可能丢失数据
          with
          [
              _Ty=float
          ]
c:\users\chenliru\onedrive\c_plus_plus\doorsensor\doorsensor\doorimg.cpp(137): warning C4244: “=”: 从“_Ty”转换到“int”，可能丢失数据
          with
          [
              _Ty=float
          ]
c:\users\chenliru\onedrive\c_plus_plus\doorsensor\doorsensor\doorimg.cpp(153): warning C4244: “=”: 从“_Ty”转换到“int”，可能丢失数据
          with
          [
              _Ty=float
          ]
c:\users\chenliru\onedrive\c_plus_plus\doorsensor\doorsensor\doorimg.cpp(157): warning C4244: “=”: 从“_Ty”转换到“int”，可能丢失数据
          with
          [
              _Ty=float
          ]
c:\users\chenliru\onedrive\c_plus_plus\doorsensor\doorsensor\doorimg.cpp(161): warning C4244: “=”: 从“_Ty”转换到“int”，可能丢失数据
          with
          [
              _Ty=float
          ]
c:\users\chenliru\onedrive\c_plus_plus\doorsensor\doorsensor\doorimg.cpp(165): warning C4244: “=”: 从“_Ty”转换到“int”，可能丢失数据
          with
          [
              _Ty=float
          ]
c:\users\chenliru\onedrive\c_plus_plus\doorsensor\doorsensor\doorimg.cpp(169): warning C4244: “=”: 从“_Ty”转换到“int”，可能丢失数据
          with
          [
              _Ty=float
          ]
c:\users\chenliru\onedrive\c_plus_plus\doorsensor\doorsensor\doorimg.cpp(182): warning C4273: “Monitor::setStatus”: dll 链接不一致
  c:\users\chenliru\onedrive\c_plus_plus\doorsensor\doorsensor\doorimg.hpp(99): note: 参见“setStatus”的前一个定义
c:\users\chenliru\onedrive\c_plus_plus\doorsensor\doorsensor\doorimg.cpp(232): warning C4273: “Monitor::setFile”: dll 链接不一致
  c:\users\chenliru\onedrive\c_plus_plus\doorsensor\doorsensor\doorimg.hpp(100): note: 参见“setFile”的前一个定义
c:\users\chenliru\onedrive\c_plus_plus\doorsensor\doorsensor\doorimg.cpp(270): warning C4273: “imgProcess”: dll 链接不一致
  c:\users\chenliru\onedrive\c_plus_plus\doorsensor\doorsensor\doorimg.hpp(106): note: 参见“imgProcess”的前一个定义
c:\users\chenliru\onedrive\c_plus_plus\doorsensor\doorsensor\doorimg.cpp(283): warning C4273: “coordinateLine”: dll 链接不一致
  c:\users\chenliru\onedrive\c_plus_plus\doorsensor\doorsensor\doorimg.hpp(108): note: 参见“coordinateLine”的前一个定义
c:\users\chenliru\onedrive\c_plus_plus\doorsensor\doorsensor\doorimg.cpp(375): warning C4273: “monitorCentral”: dll 链接不一致
  c:\users\chenliru\onedrive\c_plus_plus\doorsensor\doorsensor\doorimg.hpp(104): note: 参见“monitorCentral”的前一个定义
c:\users\chenliru\onedrive\c_plus_plus\doorsensor\doorsensor\doorimg.cpp(439): warning C4273: “monitorFront”: dll 链接不一致
  c:\users\chenliru\onedrive\c_plus_plus\doorsensor\doorsensor\doorimg.hpp(110): note: 参见“monitorFront”的前一个定义
    正在创建库 C:\Users\chenliru\OneDrive\c_plus_plus\monitor\x64\Debug\doorSensor.lib 和对象 C:\Users\chenliru\OneDrive\c_plus_plus\monitor\x64\Debug\doorSensor.exp
  doorSensor.vcxproj -> C:\Users\chenliru\OneDrive\c_plus_plus\monitor\x64\Debug\doorSensor.dll
